2026-01-09 14:15:27 DEBUG: Checking if LetSkyViewFly(_input_params={"cloudy_sky": "uniform", "cpu_count": 7, "grid_filter": "*", "min_sensor_count": 200, "model": "/Users/jmccarty/Nextcloud/Projects/35_UHI_Trees_Manitoba/01_models/DLA Study Model/svf/sky_view/DLA_Study.hbjson", "radiance_parameters": "-aa 0.1 -ad 2048 -ar 64", "simulation_folder": "/Users/jmccarty/Nextcloud/Projects/35_UHI_Trees_Manitoba/01_models/DLA Study Model/svf/sky_view"}) is complete
2026-01-09 14:15:27 DEBUG: Checking if _Main_f01f4ea6Orchestrator(_input_params={"cloudy_sky": "uniform", "cpu_count": 7, "grid_filter": "*", "min_sensor_count": 200, "model": "/Users/jmccarty/Nextcloud/Projects/35_UHI_Trees_Manitoba/01_models/DLA Study Model/svf/sky_view/DLA_Study.hbjson", "radiance_parameters": "-aa 0.1 -ad 2048 -ar 64", "simulation_folder": "/Users/jmccarty/Nextcloud/Projects/35_UHI_Trees_Manitoba/01_models/DLA Study Model/svf/sky_view"}) is complete
2026-01-09 14:15:27 INFO: Informed scheduler that task   LetSkyViewFly___cloudy_sky_____41f3a7cdf2   has status   PENDING
2026-01-09 14:15:27 DEBUG: Checking if PostprocessSkyView(_input_params={"cloudy_sky": "uniform", "cpu_count": 7, "grid_filter": "*", "min_sensor_count": 200, "model": "/Users/jmccarty/Nextcloud/Projects/35_UHI_Trees_Manitoba/01_models/DLA Study Model/svf/sky_view/DLA_Study.hbjson", "params_folder": "__params", "radiance_parameters": "-aa 0.1 -ad 2048 -ar 64", "simulation_folder": "/Users/jmccarty/Nextcloud/Projects/35_UHI_Trees_Manitoba/01_models/DLA Study Model/svf/sky_view"}) is complete
2026-01-09 14:15:27 INFO: Informed scheduler that task   _Main_f01f4ea6Orchestrator___cloudy_sky_____41f3a7cdf2   has status   PENDING
2026-01-09 14:15:27 DEBUG: Checking if PrepareFolderSkyView(_input_params={"cloudy_sky": "uniform", "cpu_count": 7, "grid_filter": "*", "min_sensor_count": 200, "model": "/Users/jmccarty/Nextcloud/Projects/35_UHI_Trees_Manitoba/01_models/DLA Study Model/svf/sky_view/DLA_Study.hbjson", "params_folder": "__params", "radiance_parameters": "-aa 0.1 -ad 2048 -ar 64", "simulation_folder": "/Users/jmccarty/Nextcloud/Projects/35_UHI_Trees_Manitoba/01_models/DLA Study Model/svf/sky_view"}, radiance_parameters=-aa 0.1 -ad 2048 -ar 64) is complete
2026-01-09 14:15:27 DEBUG: Checking if SkyViewRayTracing(_input_params={"cloudy_sky": "uniform", "cpu_count": 7, "grid_filter": "*", "min_sensor_count": 200, "model": "/Users/jmccarty/Nextcloud/Projects/35_UHI_Trees_Manitoba/01_models/DLA Study Model/svf/sky_view/DLA_Study.hbjson", "params_folder": "__params", "radiance_parameters": "-aa 0.1 -ad 2048 -ar 64", "simulation_folder": "/Users/jmccarty/Nextcloud/Projects/35_UHI_Trees_Manitoba/01_models/DLA Study Model/svf/sky_view"}) is complete
2026-01-09 14:15:27 INFO: Informed scheduler that task   PostprocessSkyView___cloudy_sky_____f46e5f3d58   has status   PENDING
2026-01-09 14:15:27 INFO: Informed scheduler that task   SkyViewRayTracing___cloudy_sky_____f46e5f3d58   has status   PENDING
2026-01-09 14:15:27 INFO: Informed scheduler that task   PrepareFolderSkyView___cloudy_sky______aa_0_1__ad_2048_6daf017f6b   has status   PENDING
2026-01-09 14:15:27 INFO: Done scheduling tasks
2026-01-09 14:15:27 INFO: Running Worker with 7 processes
2026-01-09 14:15:27 DEBUG: Asking scheduler for work...
2026-01-09 14:15:27 DEBUG: Pending tasks: 5
2026-01-09 14:15:27 DEBUG: Asking scheduler for work...
2026-01-09 14:15:27 DEBUG: Done
2026-01-09 14:15:27 DEBUG: There are no more tasks to run at this time
2026-01-09 14:15:27 DEBUG: PrepareFolderSkyView___cloudy_sky______aa_0_1__ad_2048_6daf017f6b is currently run by worker Worker(salt=641078409, workers=7, host=staff-net-hix-0520.intern.ethz.ch, username=jmccarty, pid=23984)
2026-01-09 14:15:27 INFO: [pid 23987] Worker Worker(salt=641078409, workers=7, host=staff-net-hix-0520.intern.ethz.ch, username=jmccarty, pid=23984) running   PrepareFolderSkyView(_input_params={"cloudy_sky": "uniform", "cpu_count": 7, "grid_filter": "*", "min_sensor_count": 200, "model": "/Users/jmccarty/Nextcloud/Projects/35_UHI_Trees_Manitoba/01_models/DLA Study Model/svf/sky_view/DLA_Study.hbjson", "params_folder": "__params", "radiance_parameters": "-aa 0.1 -ad 2048 -ar 64", "simulation_folder": "/Users/jmccarty/Nextcloud/Projects/35_UHI_Trees_Manitoba/01_models/DLA Study Model/svf/sky_view"}, radiance_parameters=-aa 0.1 -ad 2048 -ar 64)
2026-01-09 14:15:27 INFO: [pid 23987] Worker Worker(salt=641078409, workers=7, host=staff-net-hix-0520.intern.ethz.ch, username=jmccarty, pid=23984) new requirements      PrepareFolderSkyView(_input_params={"cloudy_sky": "uniform", "cpu_count": 7, "grid_filter": "*", "min_sensor_count": 200, "model": "/Users/jmccarty/Nextcloud/Projects/35_UHI_Trees_Manitoba/01_models/DLA Study Model/svf/sky_view/DLA_Study.hbjson", "params_folder": "__params", "radiance_parameters": "-aa 0.1 -ad 2048 -ar 64", "simulation_folder": "/Users/jmccarty/Nextcloud/Projects/35_UHI_Trees_Manitoba/01_models/DLA Study Model/svf/sky_view"}, radiance_parameters=-aa 0.1 -ad 2048 -ar 64)
2026-01-09 14:15:27 DEBUG: Checking if _SkyViewPrepareFolder_f01f4ea6Orchestrator(_input_params={"simulation_folder": "/Users/jmccarty/Nextcloud/Projects/35_UHI_Trees_Manitoba/01_models/DLA Study Model/svf/sky_view", "model": "/Users/jmccarty/Nextcloud/Projects/35_UHI_Trees_Manitoba/01_models/DLA Study Model/svf/sky_view/DLA_Study.hbjson", "cpu_count": 7, "min_sensor_count": 200, "cloudy_sky": "uniform", "grid_filter": "*"}) is complete
2026-01-09 14:15:27 DEBUG: Checking if CreateOctree(_input_params={"cloudy_sky": "uniform", "cpu_count": 7, "grid_filter": "*", "min_sensor_count": 200, "model": "/Users/jmccarty/Nextcloud/Projects/35_UHI_Trees_Manitoba/01_models/DLA Study Model/svf/sky_view/DLA_Study.hbjson", "params_folder": "__params", "radiance_parameters": "-aa 0.1 -ad 2048 -ar 64", "simulation_folder": "/Users/jmccarty/Nextcloud/Projects/35_UHI_Trees_Manitoba/01_models/DLA Study Model/svf/sky_view"}, black_out=default, include_aperture=include) is complete
2026-01-09 14:15:27 DEBUG: Checking if SplitGridFolder(_input_params={"cloudy_sky": "uniform", "cpu_count": 7, "grid_filter": "*", "min_sensor_count": 200, "model": "/Users/jmccarty/Nextcloud/Projects/35_UHI_Trees_Manitoba/01_models/DLA Study Model/svf/sky_view/DLA_Study.hbjson", "params_folder": "__params", "radiance_parameters": "-aa 0.1 -ad 2048 -ar 64", "simulation_folder": "/Users/jmccarty/Nextcloud/Projects/35_UHI_Trees_Manitoba/01_models/DLA Study Model/svf/sky_view"}) is complete
2026-01-09 14:15:27 INFO: Informed scheduler that task   _SkyViewPrepareFolder_f01f4ea6Orchestrator___simulation_fol_b038d156a3   has status   PENDING
2026-01-09 14:15:27 DEBUG: Checking if CreateRadFolder(_input_params={"cloudy_sky": "uniform", "cpu_count": 7, "grid_filter": "*", "min_sensor_count": 200, "model": "/Users/jmccarty/Nextcloud/Projects/35_UHI_Trees_Manitoba/01_models/DLA Study Model/svf/sky_view/DLA_Study.hbjson", "params_folder": "__params", "radiance_parameters": "-aa 0.1 -ad 2048 -ar 64", "simulation_folder": "/Users/jmccarty/Nextcloud/Projects/35_UHI_Trees_Manitoba/01_models/DLA Study Model/svf/sky_view"}) is complete
2026-01-09 14:15:27 INFO: Informed scheduler that task   SplitGridFolder___cloudy_sky_____f46e5f3d58   has status   PENDING
2026-01-09 14:15:27 INFO: Informed scheduler that task   CreateRadFolder___cloudy_sky_____f46e5f3d58   has status   PENDING
2026-01-09 14:15:27 DEBUG: Checking if GenerateSky(_input_params={"cloudy_sky": "uniform", "cpu_count": 7, "grid_filter": "*", "min_sensor_count": 200, "model": "/Users/jmccarty/Nextcloud/Projects/35_UHI_Trees_Manitoba/01_models/DLA Study Model/svf/sky_view/DLA_Study.hbjson", "params_folder": "__params", "radiance_parameters": "-aa 0.1 -ad 2048 -ar 64", "simulation_folder": "/Users/jmccarty/Nextcloud/Projects/35_UHI_Trees_Manitoba/01_models/DLA Study Model/svf/sky_view"}, illuminance=100000.0) is complete
2026-01-09 14:15:27 INFO: Informed scheduler that task   CreateOctree___cloudy_sky_____default_include_3ce8dd39b5   has status   PENDING
2026-01-09 14:15:27 INFO: Informed scheduler that task   GenerateSky___cloudy_sky_____100000_0_0a2a99b781   has status   PENDING
2026-01-09 14:15:27 INFO: Informed scheduler that task   PrepareFolderSkyView___cloudy_sky______aa_0_1__ad_2048_6daf017f6b   has status   PENDING
2026-01-09 14:15:27 DEBUG: Asking scheduler for work...
2026-01-09 14:15:27 DEBUG: Pending tasks: 10
2026-01-09 14:15:27 DEBUG: Asking scheduler for work...
2026-01-09 14:15:27 DEBUG: Pending tasks: 9
2026-01-09 14:15:27 INFO: [pid 23988] Worker Worker(salt=641078409, workers=7, host=staff-net-hix-0520.intern.ethz.ch, username=jmccarty, pid=23984) running   CreateRadFolder(_input_params={"cloudy_sky": "uniform", "cpu_count": 7, "grid_filter": "*", "min_sensor_count": 200, "model": "/Users/jmccarty/Nextcloud/Projects/35_UHI_Trees_Manitoba/01_models/DLA Study Model/svf/sky_view/DLA_Study.hbjson", "params_folder": "__params", "radiance_parameters": "-aa 0.1 -ad 2048 -ar 64", "simulation_folder": "/Users/jmccarty/Nextcloud/Projects/35_UHI_Trees_Manitoba/01_models/DLA Study Model/svf/sky_view"})
2026-01-09 14:15:27 INFO: CreateRadFolder: copying input artifact input_model from /Users/jmccarty/Nextcloud/Projects/35_UHI_Trees_Manitoba/01_models/DLA Study Model/svf/sky_view/DLA_Study.hbjson ...
2026-01-09 14:15:27 DEBUG: Asking scheduler for work...
2026-01-09 14:15:27 DEBUG: Done
2026-01-09 14:15:27 DEBUG: There are no more tasks to run at this time
2026-01-09 14:15:27 DEBUG: CreateRadFolder___cloudy_sky_____f46e5f3d58 is currently run by worker Worker(salt=641078409, workers=7, host=staff-net-hix-0520.intern.ethz.ch, username=jmccarty, pid=23984)
2026-01-09 14:15:27 DEBUG: GenerateSky___cloudy_sky_____100000_0_0a2a99b781 is currently run by worker Worker(salt=641078409, workers=7, host=staff-net-hix-0520.intern.ethz.ch, username=jmccarty, pid=23984)
2026-01-09 14:15:27 INFO: [pid 23989] Worker Worker(salt=641078409, workers=7, host=staff-net-hix-0520.intern.ethz.ch, username=jmccarty, pid=23984) running   GenerateSky(_input_params={"cloudy_sky": "uniform", "cpu_count": 7, "grid_filter": "*", "min_sensor_count": 200, "model": "/Users/jmccarty/Nextcloud/Projects/35_UHI_Trees_Manitoba/01_models/DLA Study Model/svf/sky_view/DLA_Study.hbjson", "params_folder": "__params", "radiance_parameters": "-aa 0.1 -ad 2048 -ar 64", "simulation_folder": "/Users/jmccarty/Nextcloud/Projects/35_UHI_Trees_Manitoba/01_models/DLA Study Model/svf/sky_view"}, illuminance=100000.0)
2026-01-09 14:15:27 INFO: GenerateSky: finished copying artifacts...
2026-01-09 14:15:27 INFO: Started running GenerateSky...
2026-01-09 14:15:27 INFO: CreateRadFolder: finished copying artifacts...
2026-01-09 14:15:27 INFO: Started running CreateRadFolder...
2026-01-09 14:15:27 INFO: GenerateSky: copying output artifact sky to /Users/jmccarty/Nextcloud/Projects/35_UHI_Trees_Manitoba/01_models/DLA Study Model/svf/sky_view/resources/input.sky ...
2026-01-09 14:15:27 INFO: ...finished running GenerateSky in 0:00:00
2026-01-09 14:15:27 INFO: [pid 23989] Worker Worker(salt=641078409, workers=7, host=staff-net-hix-0520.intern.ethz.ch, username=jmccarty, pid=23984) done      GenerateSky(_input_params={"cloudy_sky": "uniform", "cpu_count": 7, "grid_filter": "*", "min_sensor_count": 200, "model": "/Users/jmccarty/Nextcloud/Projects/35_UHI_Trees_Manitoba/01_models/DLA Study Model/svf/sky_view/DLA_Study.hbjson", "params_folder": "__params", "radiance_parameters": "-aa 0.1 -ad 2048 -ar 64", "simulation_folder": "/Users/jmccarty/Nextcloud/Projects/35_UHI_Trees_Manitoba/01_models/DLA Study Model/svf/sky_view"}, illuminance=100000.0)
2026-01-09 14:15:27 INFO: Informed scheduler that task   GenerateSky___cloudy_sky_____100000_0_0a2a99b781   has status   DONE
2026-01-09 14:15:27 DEBUG: Asking scheduler for work...
2026-01-09 14:15:27 DEBUG: Done
2026-01-09 14:15:27 DEBUG: There are no more tasks to run at this time
2026-01-09 14:15:27 DEBUG: CreateRadFolder___cloudy_sky_____f46e5f3d58 is currently run by worker Worker(salt=641078409, workers=7, host=staff-net-hix-0520.intern.ethz.ch, username=jmccarty, pid=23984)
2026-01-09 14:15:28 DEBUG: Asking scheduler for work...
2026-01-09 14:15:28 DEBUG: Done
2026-01-09 14:15:28 DEBUG: There are no more tasks to run at this time
2026-01-09 14:15:28 DEBUG: CreateRadFolder___cloudy_sky_____f46e5f3d58 is currently run by worker Worker(salt=641078409, workers=7, host=staff-net-hix-0520.intern.ethz.ch, username=jmccarty, pid=23984)
2026-01-09 14:15:29 DEBUG: Asking scheduler for work...
2026-01-09 14:15:29 DEBUG: Done
2026-01-09 14:15:29 DEBUG: There are no more tasks to run at this time
2026-01-09 14:15:29 DEBUG: CreateRadFolder___cloudy_sky_____f46e5f3d58 is currently run by worker Worker(salt=641078409, workers=7, host=staff-net-hix-0520.intern.ethz.ch, username=jmccarty, pid=23984)
2026-01-09 14:15:30 DEBUG: Asking scheduler for work...
2026-01-09 14:15:30 DEBUG: Done
2026-01-09 14:15:30 DEBUG: There are no more tasks to run at this time
2026-01-09 14:15:30 DEBUG: CreateRadFolder___cloudy_sky_____f46e5f3d58 is currently run by worker Worker(salt=641078409, workers=7, host=staff-net-hix-0520.intern.ethz.ch, username=jmccarty, pid=23984)
2026-01-09 14:15:31 DEBUG: Asking scheduler for work...
2026-01-09 14:15:31 DEBUG: Done
2026-01-09 14:15:31 DEBUG: There are no more tasks to run at this time
2026-01-09 14:15:31 DEBUG: CreateRadFolder___cloudy_sky_____f46e5f3d58 is currently run by worker Worker(salt=641078409, workers=7, host=staff-net-hix-0520.intern.ethz.ch, username=jmccarty, pid=23984)
2026-01-09 14:15:32 INFO: /private/var/folders/ww/12z6q0wj4c527ftkk7sxqb680000gp/T/CreateRadFolder-jaxvsiupWarning: Roughness values above .2 is uncommon.
2026-01-09 14:15:32 INFO: Warning: Roughness values above .2 is uncommon.
2026-01-09 14:15:32 INFO: Warning: Roughness values above .2 is uncommon.
2026-01-09 14:15:32 INFO: Warning: Roughness values above .2 is uncommon.
2026-01-09 14:15:32 INFO: Warning: Roughness values above .2 is uncommon.
2026-01-09 14:15:32 INFO: Warning: Roughness values above .2 is uncommon.
2026-01-09 14:15:32 INFO: Warning: Roughness values above .2 is uncommon.
2026-01-09 14:15:32 INFO: Warning: Roughness values above .2 is uncommon.
2026-01-09 14:15:32 INFO: Warning: Roughness values above .2 is uncommon.
2026-01-09 14:15:32 INFO: Warning: Roughness values above .2 is uncommon.
2026-01-09 14:15:32 INFO: Warning: Roughness values above .2 is uncommon.
2026-01-09 14:15:32 INFO: Warning: Roughness values above .2 is uncommon.
2026-01-09 14:15:32 INFO: Warning: Roughness values above .2 is uncommon.
2026-01-09 14:15:32 INFO: Warning: Roughness values above .2 is uncommon.
2026-01-09 14:15:32 INFO: Warning: Roughness values above .2 is uncommon.
2026-01-09 14:15:32 INFO: Warning: Roughness values above .2 is uncommon.
2026-01-09 14:15:32 INFO: Warning: Roughness values above .2 is uncommon.
2026-01-09 14:15:32 INFO: Warning: Roughness values above .2 is uncommon.
2026-01-09 14:15:32 INFO: Warning: Roughness values above .2 is uncommon.
2026-01-09 14:15:32 INFO: Warning: Roughness values above .2 is uncommon.
2026-01-09 14:15:32 INFO: Warning: Roughness values above .2 is uncommon.
2026-01-09 14:15:32 INFO: Warning: Roughness values above .2 is uncommon.
2026-01-09 14:15:32 INFO: Warning: Roughness values above .2 is uncommon.
2026-01-09 14:15:32 INFO: Warning: Roughness values above .2 is uncommon.
2026-01-09 14:15:32 INFO: Warning: Roughness values above .2 is uncommon.
2026-01-09 14:15:32 INFO: Warning: Roughness values above .2 is uncommon.
2026-01-09 14:15:32 INFO: Warning: Roughness values above .2 is uncommon.
2026-01-09 14:15:32 INFO: Warning: Roughness values above .2 is uncommon.
2026-01-09 14:15:32 INFO: Warning: Roughness values above .2 is uncommon.
2026-01-09 14:15:32 INFO: Warning: Roughness values above .2 is uncommon.
2026-01-09 14:15:32 INFO: Warning: Roughness values above .2 is uncommon.
2026-01-09 14:15:32 INFO: Warning: Roughness values above .2 is uncommon.
2026-01-09 14:15:32 INFO: Warning: Roughness values above .2 is uncommon.
2026-01-09 14:15:32 INFO: Warning: Roughness values above .2 is uncommon.
2026-01-09 14:15:32 INFO: Warning: Roughness values above .2 is uncommon.
2026-01-09 14:15:32 INFO: Warning: Roughness values above .2 is uncommon.
2026-01-09 14:15:32 INFO: Warning: Roughness values above .2 is uncommon.
2026-01-09 14:15:32 INFO: Warning: Roughness values above .2 is uncommon.
2026-01-09 14:15:32 INFO: Warning: Roughness values above .2 is uncommon.
2026-01-09 14:15:32 INFO: Warning: Roughness values above .2 is uncommon.
2026-01-09 14:15:32 INFO: Warning: Roughness values above .2 is uncommon.
2026-01-09 14:15:32 INFO: Warning: Roughness values above .2 is uncommon.
2026-01-09 14:15:32 INFO: Warning: Roughness values above .2 is uncommon.
2026-01-09 14:15:32 INFO: Warning: Roughness values above .2 is uncommon.
2026-01-09 14:15:32 INFO: Warning: Roughness values above .2 is uncommon.
2026-01-09 14:15:32 INFO: Warning: Roughness values above .2 is uncommon.
2026-01-09 14:15:32 INFO: Warning: Roughness values above .2 is uncommon.
2026-01-09 14:15:32 INFO: Warning: Roughness values above .2 is uncommon.
2026-01-09 14:15:32 INFO: Warning: Roughness values above .2 is uncommon.
2026-01-09 14:15:32 INFO: Warning: Roughness values above .2 is uncommon.
2026-01-09 14:15:32 INFO: Warning: Roughness values above .2 is uncommon.
2026-01-09 14:15:32 INFO: Warning: Roughness values above .2 is uncommon.
2026-01-09 14:15:32 INFO: Warning: Roughness values above .2 is uncommon.
2026-01-09 14:15:32 INFO: Warning: Roughness values above .2 is uncommon.
2026-01-09 14:15:32 INFO: Warning: Roughness values above .2 is uncommon.
2026-01-09 14:15:32 INFO: Warning: Roughness values above .2 is uncommon.
2026-01-09 14:15:32 INFO: Warning: Roughness values above .2 is uncommon.
2026-01-09 14:15:32 INFO: Warning: Roughness values above .2 is uncommon.
2026-01-09 14:15:32 INFO: Warning: Roughness values above .2 is uncommon.
2026-01-09 14:15:32 INFO: Warning: Roughness values above .2 is uncommon.
2026-01-09 14:15:32 INFO: Warning: Roughness values above .2 is uncommon.
2026-01-09 14:15:32 INFO: Warning: Roughness values above .2 is uncommon.
2026-01-09 14:15:32 INFO: Warning: Roughness values above .2 is uncommon.
2026-01-09 14:15:32 INFO: Warning: Roughness values above .2 is uncommon.
2026-01-09 14:15:32 INFO: Warning: Roughness values above .2 is uncommon.
2026-01-09 14:15:32 INFO: Warning: Roughness values above .2 is uncommon.
2026-01-09 14:15:32 INFO: Warning: Roughness values above .2 is uncommon.
2026-01-09 14:15:32 INFO: Warning: Roughness values above .2 is uncommon.
2026-01-09 14:15:32 INFO: Warning: Roughness values above .2 is uncommon.
2026-01-09 14:15:32 INFO: Warning: Roughness values above .2 is uncommon.
2026-01-09 14:15:32 INFO: CreateRadFolder: creating an empty folder for optional artifact bsdf-folder at /var/folders/ww/12z6q0wj4c527ftkk7sxqb680000gp/T/CreateRadFolder-jaxvsiup/model/bsdf ...
2026-01-09 14:15:32 INFO: CreateRadFolder: copying output artifact model-folder to /Users/jmccarty/Nextcloud/Projects/35_UHI_Trees_Manitoba/01_models/DLA Study Model/svf/sky_view/model ...
2026-01-09 14:15:32 INFO: CreateRadFolder: copying output artifact bsdf-folder to /Users/jmccarty/Nextcloud/Projects/35_UHI_Trees_Manitoba/01_models/DLA Study Model/svf/sky_view/model/bsdf ...
2026-01-09 14:15:32 INFO: CreateRadFolder: copying output artifact model-sensor-grids-file to /Users/jmccarty/Nextcloud/Projects/35_UHI_Trees_Manitoba/01_models/DLA Study Model/svf/sky_view/resources/grids_info.json ...
2026-01-09 14:15:32 INFO: ...finished running CreateRadFolder in 0:00:05
2026-01-09 14:15:32 INFO: [pid 23988] Worker Worker(salt=641078409, workers=7, host=staff-net-hix-0520.intern.ethz.ch, username=jmccarty, pid=23984) done      CreateRadFolder(_input_params={"cloudy_sky": "uniform", "cpu_count": 7, "grid_filter": "*", "min_sensor_count": 200, "model": "/Users/jmccarty/Nextcloud/Projects/35_UHI_Trees_Manitoba/01_models/DLA Study Model/svf/sky_view/DLA_Study.hbjson", "params_folder": "__params", "radiance_parameters": "-aa 0.1 -ad 2048 -ar 64", "simulation_folder": "/Users/jmccarty/Nextcloud/Projects/35_UHI_Trees_Manitoba/01_models/DLA Study Model/svf/sky_view"})
2026-01-09 14:15:32 INFO: Informed scheduler that task   CreateRadFolder___cloudy_sky_____f46e5f3d58   has status   DONE
2026-01-09 14:15:32 DEBUG: Asking scheduler for work...
2026-01-09 14:15:32 DEBUG: Pending tasks: 8
2026-01-09 14:15:32 DEBUG: Asking scheduler for work...
2026-01-09 14:15:32 DEBUG: Pending tasks: 7
2026-01-09 14:15:32 INFO: [pid 23996] Worker Worker(salt=641078409, workers=7, host=staff-net-hix-0520.intern.ethz.ch, username=jmccarty, pid=23984) running   SplitGridFolder(_input_params={"cloudy_sky": "uniform", "cpu_count": 7, "grid_filter": "*", "min_sensor_count": 200, "model": "/Users/jmccarty/Nextcloud/Projects/35_UHI_Trees_Manitoba/01_models/DLA Study Model/svf/sky_view/DLA_Study.hbjson", "params_folder": "__params", "radiance_parameters": "-aa 0.1 -ad 2048 -ar 64", "simulation_folder": "/Users/jmccarty/Nextcloud/Projects/35_UHI_Trees_Manitoba/01_models/DLA Study Model/svf/sky_view"})
2026-01-09 14:15:32 INFO: SplitGridFolder: copying input artifact input_folder from /Users/jmccarty/Nextcloud/Projects/35_UHI_Trees_Manitoba/01_models/DLA Study Model/svf/sky_view/model/grid ...
2026-01-09 14:15:32 DEBUG: Asking scheduler for work...
2026-01-09 14:15:32 DEBUG: Done
2026-01-09 14:15:32 DEBUG: There are no more tasks to run at this time
2026-01-09 14:15:32 DEBUG: SplitGridFolder___cloudy_sky_____f46e5f3d58 is currently run by worker Worker(salt=641078409, workers=7, host=staff-net-hix-0520.intern.ethz.ch, username=jmccarty, pid=23984)
2026-01-09 14:15:32 DEBUG: CreateOctree___cloudy_sky_____default_include_3ce8dd39b5 is currently run by worker Worker(salt=641078409, workers=7, host=staff-net-hix-0520.intern.ethz.ch, username=jmccarty, pid=23984)
2026-01-09 14:15:32 INFO: SplitGridFolder: finished copying artifacts...
2026-01-09 14:15:32 INFO: Started running SplitGridFolder...
2026-01-09 14:15:32 INFO: [pid 23997] Worker Worker(salt=641078409, workers=7, host=staff-net-hix-0520.intern.ethz.ch, username=jmccarty, pid=23984) running   CreateOctree(_input_params={"cloudy_sky": "uniform", "cpu_count": 7, "grid_filter": "*", "min_sensor_count": 200, "model": "/Users/jmccarty/Nextcloud/Projects/35_UHI_Trees_Manitoba/01_models/DLA Study Model/svf/sky_view/DLA_Study.hbjson", "params_folder": "__params", "radiance_parameters": "-aa 0.1 -ad 2048 -ar 64", "simulation_folder": "/Users/jmccarty/Nextcloud/Projects/35_UHI_Trees_Manitoba/01_models/DLA Study Model/svf/sky_view"}, black_out=default, include_aperture=include)
2026-01-09 14:15:32 INFO: CreateOctree: copying input artifact model from /Users/jmccarty/Nextcloud/Projects/35_UHI_Trees_Manitoba/01_models/DLA Study Model/svf/sky_view/model ...
2026-01-09 14:15:32 INFO: CreateOctree: copying input artifact sky from /Users/jmccarty/Nextcloud/Projects/35_UHI_Trees_Manitoba/01_models/DLA Study Model/svf/sky_view/resources/input.sky ...
2026-01-09 14:15:32 INFO: CreateOctree: finished copying artifacts...
2026-01-09 14:15:32 INFO: Started running CreateOctree...
2026-01-09 14:15:33 INFO: Distributed 294 sensors among 1 grids with 294 sensors each.
2026-01-09 14:15:33 INFO: SplitGridFolder: copying output artifact output-folder to /Users/jmccarty/Nextcloud/Projects/35_UHI_Trees_Manitoba/01_models/DLA Study Model/svf/sky_view/resources/grid ...
2026-01-09 14:15:33 INFO: SplitGridFolder: copying output artifact dist-info to /Users/jmccarty/Nextcloud/Projects/35_UHI_Trees_Manitoba/01_models/DLA Study Model/svf/sky_view/initial_results/_redist_info.json ...
2026-01-09 14:15:33 INFO: ...finished running SplitGridFolder in 0:00:00
2026-01-09 14:15:33 INFO: [pid 23996] Worker Worker(salt=641078409, workers=7, host=staff-net-hix-0520.intern.ethz.ch, username=jmccarty, pid=23984) done      SplitGridFolder(_input_params={"cloudy_sky": "uniform", "cpu_count": 7, "grid_filter": "*", "min_sensor_count": 200, "model": "/Users/jmccarty/Nextcloud/Projects/35_UHI_Trees_Manitoba/01_models/DLA Study Model/svf/sky_view/DLA_Study.hbjson", "params_folder": "__params", "radiance_parameters": "-aa 0.1 -ad 2048 -ar 64", "simulation_folder": "/Users/jmccarty/Nextcloud/Projects/35_UHI_Trees_Manitoba/01_models/DLA Study Model/svf/sky_view"})
2026-01-09 14:15:33 INFO: Informed scheduler that task   SplitGridFolder___cloudy_sky_____f46e5f3d58   has status   DONE
2026-01-09 14:15:33 DEBUG: Asking scheduler for work...
2026-01-09 14:15:33 DEBUG: Done
2026-01-09 14:15:33 DEBUG: There are no more tasks to run at this time
2026-01-09 14:15:33 DEBUG: CreateOctree___cloudy_sky_____default_include_3ce8dd39b5 is currently run by worker Worker(salt=641078409, workers=7, host=staff-net-hix-0520.intern.ethz.ch, username=jmccarty, pid=23984)
2026-01-09 14:15:33 INFO: oconv: warning - non-planar vertex for polygon "facade_110_grey_precast_concrete_2157_b2d69594"
2026-01-09 14:15:34 INFO: CreateOctree: copying output artifact scene-file to /Users/jmccarty/Nextcloud/Projects/35_UHI_Trees_Manitoba/01_models/DLA Study Model/svf/sky_view/resources/scene.oct ...
2026-01-09 14:15:34 INFO: ...finished running CreateOctree in 0:00:01
2026-01-09 14:15:34 INFO: [pid 23997] Worker Worker(salt=641078409, workers=7, host=staff-net-hix-0520.intern.ethz.ch, username=jmccarty, pid=23984) done      CreateOctree(_input_params={"cloudy_sky": "uniform", "cpu_count": 7, "grid_filter": "*", "min_sensor_count": 200, "model": "/Users/jmccarty/Nextcloud/Projects/35_UHI_Trees_Manitoba/01_models/DLA Study Model/svf/sky_view/DLA_Study.hbjson", "params_folder": "__params", "radiance_parameters": "-aa 0.1 -ad 2048 -ar 64", "simulation_folder": "/Users/jmccarty/Nextcloud/Projects/35_UHI_Trees_Manitoba/01_models/DLA Study Model/svf/sky_view"}, black_out=default, include_aperture=include)
2026-01-09 14:15:34 INFO: Informed scheduler that task   CreateOctree___cloudy_sky_____default_include_3ce8dd39b5   has status   DONE
2026-01-09 14:15:34 DEBUG: Asking scheduler for work...
2026-01-09 14:15:34 DEBUG: Pending tasks: 6
2026-01-09 14:15:34 DEBUG: Asking scheduler for work...
2026-01-09 14:15:34 DEBUG: Done
2026-01-09 14:15:34 DEBUG: There are no more tasks to run at this time
2026-01-09 14:15:34 DEBUG: _SkyViewPrepareFolder_f01f4ea6Orchestrator___simulation_fol_b038d156a3 is currently run by worker Worker(salt=641078409, workers=7, host=staff-net-hix-0520.intern.ethz.ch, username=jmccarty, pid=23984)
2026-01-09 14:15:34 INFO: [pid 24007] Worker Worker(salt=641078409, workers=7, host=staff-net-hix-0520.intern.ethz.ch, username=jmccarty, pid=23984) running   _SkyViewPrepareFolder_f01f4ea6Orchestrator(_input_params={"simulation_folder": "/Users/jmccarty/Nextcloud/Projects/35_UHI_Trees_Manitoba/01_models/DLA Study Model/svf/sky_view", "model": "/Users/jmccarty/Nextcloud/Projects/35_UHI_Trees_Manitoba/01_models/DLA Study Model/svf/sky_view/DLA_Study.hbjson", "cpu_count": 7, "min_sensor_count": 200, "cloudy_sky": "uniform", "grid_filter": "*"})
2026-01-09 14:15:34 INFO: [pid 24007] Worker Worker(salt=641078409, workers=7, host=staff-net-hix-0520.intern.ethz.ch, username=jmccarty, pid=23984) done      _SkyViewPrepareFolder_f01f4ea6Orchestrator(_input_params={"simulation_folder": "/Users/jmccarty/Nextcloud/Projects/35_UHI_Trees_Manitoba/01_models/DLA Study Model/svf/sky_view", "model": "/Users/jmccarty/Nextcloud/Projects/35_UHI_Trees_Manitoba/01_models/DLA Study Model/svf/sky_view/DLA_Study.hbjson", "cpu_count": 7, "min_sensor_count": 200, "cloudy_sky": "uniform", "grid_filter": "*"})
2026-01-09 14:15:34 INFO: Informed scheduler that task   _SkyViewPrepareFolder_f01f4ea6Orchestrator___simulation_fol_b038d156a3   has status   DONE
2026-01-09 14:15:34 DEBUG: Asking scheduler for work...
2026-01-09 14:15:34 DEBUG: Pending tasks: 5
2026-01-09 14:15:34 DEBUG: Asking scheduler for work...
2026-01-09 14:15:34 DEBUG: Done
2026-01-09 14:15:34 DEBUG: There are no more tasks to run at this time
2026-01-09 14:15:34 DEBUG: PrepareFolderSkyView___cloudy_sky______aa_0_1__ad_2048_6daf017f6b is currently run by worker Worker(salt=641078409, workers=7, host=staff-net-hix-0520.intern.ethz.ch, username=jmccarty, pid=23984)
2026-01-09 14:15:34 INFO: [pid 24008] Worker Worker(salt=641078409, workers=7, host=staff-net-hix-0520.intern.ethz.ch, username=jmccarty, pid=23984) running   PrepareFolderSkyView(_input_params={"cloudy_sky": "uniform", "cpu_count": 7, "grid_filter": "*", "min_sensor_count": 200, "model": "/Users/jmccarty/Nextcloud/Projects/35_UHI_Trees_Manitoba/01_models/DLA Study Model/svf/sky_view/DLA_Study.hbjson", "params_folder": "__params", "radiance_parameters": "-aa 0.1 -ad 2048 -ar 64", "simulation_folder": "/Users/jmccarty/Nextcloud/Projects/35_UHI_Trees_Manitoba/01_models/DLA Study Model/svf/sky_view"}, radiance_parameters=-aa 0.1 -ad 2048 -ar 64)
2026-01-09 14:15:34 INFO: PrepareFolderSkyView: copying output artifact model-folder to /Users/jmccarty/Nextcloud/Projects/35_UHI_Trees_Manitoba/01_models/DLA Study Model/svf/sky_view/model ...
2026-01-09 14:15:34 INFO: PrepareFolderSkyView: copying output artifact resources to /Users/jmccarty/Nextcloud/Projects/35_UHI_Trees_Manitoba/01_models/DLA Study Model/svf/sky_view/resources ...
2026-01-09 14:15:34 INFO: PrepareFolderSkyView: copying output artifact initial-results to /Users/jmccarty/Nextcloud/Projects/35_UHI_Trees_Manitoba/01_models/DLA Study Model/svf/sky_view/initial_results ...
2026-01-09 14:15:34 INFO: PrepareFolderSkyView: copying output parameters sensor-grids to /Users/jmccarty/Nextcloud/Projects/35_UHI_Trees_Manitoba/01_models/DLA Study Model/svf/sky_view/__params/resources/grid/_info.json ...
2026-01-09 14:15:34 INFO: [pid 24008] Worker Worker(salt=641078409, workers=7, host=staff-net-hix-0520.intern.ethz.ch, username=jmccarty, pid=23984) done      PrepareFolderSkyView(_input_params={"cloudy_sky": "uniform", "cpu_count": 7, "grid_filter": "*", "min_sensor_count": 200, "model": "/Users/jmccarty/Nextcloud/Projects/35_UHI_Trees_Manitoba/01_models/DLA Study Model/svf/sky_view/DLA_Study.hbjson", "params_folder": "__params", "radiance_parameters": "-aa 0.1 -ad 2048 -ar 64", "simulation_folder": "/Users/jmccarty/Nextcloud/Projects/35_UHI_Trees_Manitoba/01_models/DLA Study Model/svf/sky_view"}, radiance_parameters=-aa 0.1 -ad 2048 -ar 64)
2026-01-09 14:15:34 INFO: Informed scheduler that task   PrepareFolderSkyView___cloudy_sky______aa_0_1__ad_2048_6daf017f6b   has status   DONE
2026-01-09 14:15:34 DEBUG: Asking scheduler for work...
2026-01-09 14:15:34 DEBUG: Pending tasks: 4
2026-01-09 14:15:34 DEBUG: Asking scheduler for work...
2026-01-09 14:15:34 DEBUG: Done
2026-01-09 14:15:34 DEBUG: There are no more tasks to run at this time
2026-01-09 14:15:34 DEBUG: SkyViewRayTracing___cloudy_sky_____f46e5f3d58 is currently run by worker Worker(salt=641078409, workers=7, host=staff-net-hix-0520.intern.ethz.ch, username=jmccarty, pid=23984)
2026-01-09 14:15:34 INFO: [pid 24009] Worker Worker(salt=641078409, workers=7, host=staff-net-hix-0520.intern.ethz.ch, username=jmccarty, pid=23984) running   SkyViewRayTracing(_input_params={"cloudy_sky": "uniform", "cpu_count": 7, "grid_filter": "*", "min_sensor_count": 200, "model": "/Users/jmccarty/Nextcloud/Projects/35_UHI_Trees_Manitoba/01_models/DLA Study Model/svf/sky_view/DLA_Study.hbjson", "params_folder": "__params", "radiance_parameters": "-aa 0.1 -ad 2048 -ar 64", "simulation_folder": "/Users/jmccarty/Nextcloud/Projects/35_UHI_Trees_Manitoba/01_models/DLA Study Model/svf/sky_view"})
2026-01-09 14:15:34 INFO: [pid 24009] Worker Worker(salt=641078409, workers=7, host=staff-net-hix-0520.intern.ethz.ch, username=jmccarty, pid=23984) new requirements      SkyViewRayTracing(_input_params={"cloudy_sky": "uniform", "cpu_count": 7, "grid_filter": "*", "min_sensor_count": 200, "model": "/Users/jmccarty/Nextcloud/Projects/35_UHI_Trees_Manitoba/01_models/DLA Study Model/svf/sky_view/DLA_Study.hbjson", "params_folder": "__params", "radiance_parameters": "-aa 0.1 -ad 2048 -ar 64", "simulation_folder": "/Users/jmccarty/Nextcloud/Projects/35_UHI_Trees_Manitoba/01_models/DLA Study Model/svf/sky_view"})
2026-01-09 14:15:34 DEBUG: Checking if SkyViewRayTracingLoop(_input_params={"cloudy_sky": "uniform", "cpu_count": 7, "grid_filter": "*", "min_sensor_count": 200, "model": "/Users/jmccarty/Nextcloud/Projects/35_UHI_Trees_Manitoba/01_models/DLA Study Model/svf/sky_view/DLA_Study.hbjson", "params_folder": "__params", "radiance_parameters": "-aa 0.1 -ad 2048 -ar 64", "simulation_folder": "/Users/jmccarty/Nextcloud/Projects/35_UHI_Trees_Manitoba/01_models/DLA Study Model/svf/sky_view"}, fixed_radiance_parameters=-I -ab 1 -h, item={"name": "0", "identifier": "0", "full_id": "0", "group": "", "count": 294}) is complete
2026-01-09 14:15:34 DEBUG: Checking if PrepareFolderSkyView(_input_params={"cloudy_sky": "uniform", "cpu_count": 7, "grid_filter": "*", "min_sensor_count": 200, "model": "/Users/jmccarty/Nextcloud/Projects/35_UHI_Trees_Manitoba/01_models/DLA Study Model/svf/sky_view/DLA_Study.hbjson", "params_folder": "__params", "radiance_parameters": "-aa 0.1 -ad 2048 -ar 64", "simulation_folder": "/Users/jmccarty/Nextcloud/Projects/35_UHI_Trees_Manitoba/01_models/DLA Study Model/svf/sky_view"}, radiance_parameters=-aa 0.1 -ad 2048 -ar 64) is complete
2026-01-09 14:15:34 INFO: Informed scheduler that task   SkyViewRayTracingLoop___cloudy_sky______I__ab_1__h___name____0____i_c11b199820   has status   PENDING
2026-01-09 14:15:34 INFO: Informed scheduler that task   PrepareFolderSkyView___cloudy_sky______aa_0_1__ad_2048_6daf017f6b   has status   DONE
2026-01-09 14:15:34 INFO: Informed scheduler that task   SkyViewRayTracing___cloudy_sky_____f46e5f3d58   has status   PENDING
2026-01-09 14:15:34 DEBUG: Asking scheduler for work...
2026-01-09 14:15:34 DEBUG: Pending tasks: 5
2026-01-09 14:15:34 DEBUG: Asking scheduler for work...
2026-01-09 14:15:34 DEBUG: Done
2026-01-09 14:15:34 DEBUG: There are no more tasks to run at this time
2026-01-09 14:15:34 DEBUG: SkyViewRayTracingLoop___cloudy_sky______I__ab_1__h___name____0____i_c11b199820 is currently run by worker Worker(salt=641078409, workers=7, host=staff-net-hix-0520.intern.ethz.ch, username=jmccarty, pid=23984)
2026-01-09 14:15:34 INFO: [pid 24010] Worker Worker(salt=641078409, workers=7, host=staff-net-hix-0520.intern.ethz.ch, username=jmccarty, pid=23984) running   SkyViewRayTracingLoop(_input_params={"cloudy_sky": "uniform", "cpu_count": 7, "grid_filter": "*", "min_sensor_count": 200, "model": "/Users/jmccarty/Nextcloud/Projects/35_UHI_Trees_Manitoba/01_models/DLA Study Model/svf/sky_view/DLA_Study.hbjson", "params_folder": "__params", "radiance_parameters": "-aa 0.1 -ad 2048 -ar 64", "simulation_folder": "/Users/jmccarty/Nextcloud/Projects/35_UHI_Trees_Manitoba/01_models/DLA Study Model/svf/sky_view"}, fixed_radiance_parameters=-I -ab 1 -h, item={"name": "0", "identifier": "0", "full_id": "0", "group": "", "count": 294})
2026-01-09 14:15:34 INFO: SkyViewRayTracingLoop: copying input artifact scene_file from /Users/jmccarty/Nextcloud/Projects/35_UHI_Trees_Manitoba/01_models/DLA Study Model/svf/sky_view/resources/scene.oct ...
2026-01-09 14:15:34 INFO: SkyViewRayTracingLoop: copying input artifact grid from /Users/jmccarty/Nextcloud/Projects/35_UHI_Trees_Manitoba/01_models/DLA Study Model/svf/sky_view/resources/grid/0.pts ...
2026-01-09 14:15:34 INFO: SkyViewRayTracingLoop: copying input artifact bsdf_folder from /Users/jmccarty/Nextcloud/Projects/35_UHI_Trees_Manitoba/01_models/DLA Study Model/svf/sky_view/model/bsdf ...
2026-01-09 14:15:34 INFO: SkyViewRayTracingLoop: finished copying artifacts...
2026-01-09 14:15:34 INFO: Started running SkyViewRayTracingLoop...
2026-01-09 14:15:35 DEBUG: Asking scheduler for work...
2026-01-09 14:15:35 DEBUG: Done
2026-01-09 14:15:35 DEBUG: There are no more tasks to run at this time
2026-01-09 14:15:35 DEBUG: SkyViewRayTracingLoop___cloudy_sky______I__ab_1__h___name____0____i_c11b199820 is currently run by worker Worker(salt=641078409, workers=7, host=staff-net-hix-0520.intern.ethz.ch, username=jmccarty, pid=23984)
2026-01-09 14:15:36 DEBUG: Asking scheduler for work...
2026-01-09 14:15:36 DEBUG: Done
2026-01-09 14:15:36 DEBUG: There are no more tasks to run at this time
2026-01-09 14:15:36 DEBUG: SkyViewRayTracingLoop___cloudy_sky______I__ab_1__h___name____0____i_c11b199820 is currently run by worker Worker(salt=641078409, workers=7, host=staff-net-hix-0520.intern.ethz.ch, username=jmccarty, pid=23984)
2026-01-09 14:15:37 DEBUG: Asking scheduler for work...
2026-01-09 14:15:37 DEBUG: Done
2026-01-09 14:15:37 DEBUG: There are no more tasks to run at this time
2026-01-09 14:15:37 DEBUG: SkyViewRayTracingLoop___cloudy_sky______I__ab_1__h___name____0____i_c11b199820 is currently run by worker Worker(salt=641078409, workers=7, host=staff-net-hix-0520.intern.ethz.ch, username=jmccarty, pid=23984)
2026-01-09 14:15:38 DEBUG: Asking scheduler for work...
2026-01-09 14:15:38 DEBUG: Done
2026-01-09 14:15:38 DEBUG: There are no more tasks to run at this time
2026-01-09 14:15:38 DEBUG: SkyViewRayTracingLoop___cloudy_sky______I__ab_1__h___name____0____i_c11b199820 is currently run by worker Worker(salt=641078409, workers=7, host=staff-net-hix-0520.intern.ethz.ch, username=jmccarty, pid=23984)
2026-01-09 14:15:39 DEBUG: Asking scheduler for work...
2026-01-09 14:15:39 DEBUG: Done
2026-01-09 14:15:39 DEBUG: There are no more tasks to run at this time
2026-01-09 14:15:39 DEBUG: SkyViewRayTracingLoop___cloudy_sky______I__ab_1__h___name____0____i_c11b199820 is currently run by worker Worker(salt=641078409, workers=7, host=staff-net-hix-0520.intern.ethz.ch, username=jmccarty, pid=23984)
2026-01-09 14:15:39 INFO: rtrace: warning - non-planar vertex for polygon "facade_110_grey_precast_concrete_2157_b2d69594"
2026-01-09 14:15:40 DEBUG: Asking scheduler for work...
2026-01-09 14:15:40 DEBUG: Done
2026-01-09 14:15:40 DEBUG: There are no more tasks to run at this time
2026-01-09 14:15:40 DEBUG: SkyViewRayTracingLoop___cloudy_sky______I__ab_1__h___name____0____i_c11b199820 is currently run by worker Worker(salt=641078409, workers=7, host=staff-net-hix-0520.intern.ethz.ch, username=jmccarty, pid=23984)
2026-01-09 14:15:40 INFO: SkyViewRayTracingLoop: copying output artifact result to /Users/jmccarty/Nextcloud/Projects/35_UHI_Trees_Manitoba/01_models/DLA Study Model/svf/sky_view/initial_results/0.res ...
2026-01-09 14:15:40 INFO: ...finished running SkyViewRayTracingLoop in 0:00:06
2026-01-09 14:15:40 INFO: [pid 24010] Worker Worker(salt=641078409, workers=7, host=staff-net-hix-0520.intern.ethz.ch, username=jmccarty, pid=23984) done      SkyViewRayTracingLoop(_input_params={"cloudy_sky": "uniform", "cpu_count": 7, "grid_filter": "*", "min_sensor_count": 200, "model": "/Users/jmccarty/Nextcloud/Projects/35_UHI_Trees_Manitoba/01_models/DLA Study Model/svf/sky_view/DLA_Study.hbjson", "params_folder": "__params", "radiance_parameters": "-aa 0.1 -ad 2048 -ar 64", "simulation_folder": "/Users/jmccarty/Nextcloud/Projects/35_UHI_Trees_Manitoba/01_models/DLA Study Model/svf/sky_view"}, fixed_radiance_parameters=-I -ab 1 -h, item={"name": "0", "identifier": "0", "full_id": "0", "group": "", "count": 294})
2026-01-09 14:15:40 INFO: Informed scheduler that task   SkyViewRayTracingLoop___cloudy_sky______I__ab_1__h___name____0____i_c11b199820   has status   DONE
2026-01-09 14:15:40 DEBUG: Asking scheduler for work...
2026-01-09 14:15:40 DEBUG: Pending tasks: 4
2026-01-09 14:15:40 DEBUG: Asking scheduler for work...
2026-01-09 14:15:40 DEBUG: Done
2026-01-09 14:15:40 DEBUG: There are no more tasks to run at this time
2026-01-09 14:15:40 DEBUG: SkyViewRayTracing___cloudy_sky_____f46e5f3d58 is currently run by worker Worker(salt=641078409, workers=7, host=staff-net-hix-0520.intern.ethz.ch, username=jmccarty, pid=23984)
2026-01-09 14:15:40 INFO: [pid 24017] Worker Worker(salt=641078409, workers=7, host=staff-net-hix-0520.intern.ethz.ch, username=jmccarty, pid=23984) running   SkyViewRayTracing(_input_params={"cloudy_sky": "uniform", "cpu_count": 7, "grid_filter": "*", "min_sensor_count": 200, "model": "/Users/jmccarty/Nextcloud/Projects/35_UHI_Trees_Manitoba/01_models/DLA Study Model/svf/sky_view/DLA_Study.hbjson", "params_folder": "__params", "radiance_parameters": "-aa 0.1 -ad 2048 -ar 64", "simulation_folder": "/Users/jmccarty/Nextcloud/Projects/35_UHI_Trees_Manitoba/01_models/DLA Study Model/svf/sky_view"})
2026-01-09 14:15:40 INFO: [pid 24017] Worker Worker(salt=641078409, workers=7, host=staff-net-hix-0520.intern.ethz.ch, username=jmccarty, pid=23984) done      SkyViewRayTracing(_input_params={"cloudy_sky": "uniform", "cpu_count": 7, "grid_filter": "*", "min_sensor_count": 200, "model": "/Users/jmccarty/Nextcloud/Projects/35_UHI_Trees_Manitoba/01_models/DLA Study Model/svf/sky_view/DLA_Study.hbjson", "params_folder": "__params", "radiance_parameters": "-aa 0.1 -ad 2048 -ar 64", "simulation_folder": "/Users/jmccarty/Nextcloud/Projects/35_UHI_Trees_Manitoba/01_models/DLA Study Model/svf/sky_view"})
2026-01-09 14:15:40 INFO: Informed scheduler that task   SkyViewRayTracing___cloudy_sky_____f46e5f3d58   has status   DONE
2026-01-09 14:15:40 DEBUG: Asking scheduler for work...
2026-01-09 14:15:40 DEBUG: Pending tasks: 3
2026-01-09 14:15:40 DEBUG: Asking scheduler for work...
2026-01-09 14:15:40 DEBUG: Done
2026-01-09 14:15:40 DEBUG: There are no more tasks to run at this time
2026-01-09 14:15:40 DEBUG: PostprocessSkyView___cloudy_sky_____f46e5f3d58 is currently run by worker Worker(salt=641078409, workers=7, host=staff-net-hix-0520.intern.ethz.ch, username=jmccarty, pid=23984)
2026-01-09 14:15:40 INFO: [pid 24018] Worker Worker(salt=641078409, workers=7, host=staff-net-hix-0520.intern.ethz.ch, username=jmccarty, pid=23984) running   PostprocessSkyView(_input_params={"cloudy_sky": "uniform", "cpu_count": 7, "grid_filter": "*", "min_sensor_count": 200, "model": "/Users/jmccarty/Nextcloud/Projects/35_UHI_Trees_Manitoba/01_models/DLA Study Model/svf/sky_view/DLA_Study.hbjson", "params_folder": "__params", "radiance_parameters": "-aa 0.1 -ad 2048 -ar 64", "simulation_folder": "/Users/jmccarty/Nextcloud/Projects/35_UHI_Trees_Manitoba/01_models/DLA Study Model/svf/sky_view"})
2026-01-09 14:15:40 INFO: [pid 24018] Worker Worker(salt=641078409, workers=7, host=staff-net-hix-0520.intern.ethz.ch, username=jmccarty, pid=23984) new requirements      PostprocessSkyView(_input_params={"cloudy_sky": "uniform", "cpu_count": 7, "grid_filter": "*", "min_sensor_count": 200, "model": "/Users/jmccarty/Nextcloud/Projects/35_UHI_Trees_Manitoba/01_models/DLA Study Model/svf/sky_view/DLA_Study.hbjson", "params_folder": "__params", "radiance_parameters": "-aa 0.1 -ad 2048 -ar 64", "simulation_folder": "/Users/jmccarty/Nextcloud/Projects/35_UHI_Trees_Manitoba/01_models/DLA Study Model/svf/sky_view"})
2026-01-09 14:15:40 DEBUG: Checking if _SkyViewPostprocess_f01f4ea6Orchestrator(_input_params={"simulation_folder": "/Users/jmccarty/Nextcloud/Projects/35_UHI_Trees_Manitoba/01_models/DLA Study Model/svf/sky_view", "input_folder": "/Users/jmccarty/Nextcloud/Projects/35_UHI_Trees_Manitoba/01_models/DLA Study Model/svf/sky_view/initial_results", "grids_info": "/Users/jmccarty/Nextcloud/Projects/35_UHI_Trees_Manitoba/01_models/DLA Study Model/svf/sky_view/resources/grids_info.json"}) is complete
2026-01-09 14:15:40 DEBUG: Checking if CopyGridInfo(_input_params={"grids_info": "/Users/jmccarty/Nextcloud/Projects/35_UHI_Trees_Manitoba/01_models/DLA Study Model/svf/sky_view/resources/grids_info.json", "input_folder": "/Users/jmccarty/Nextcloud/Projects/35_UHI_Trees_Manitoba/01_models/DLA Study Model/svf/sky_view/initial_results", "params_folder": "__params", "simulation_folder": "/Users/jmccarty/Nextcloud/Projects/35_UHI_Trees_Manitoba/01_models/DLA Study Model/svf/sky_view"}) is complete
2026-01-09 14:15:40 DEBUG: Checking if RestructureResults(_input_params={"grids_info": "/Users/jmccarty/Nextcloud/Projects/35_UHI_Trees_Manitoba/01_models/DLA Study Model/svf/sky_view/resources/grids_info.json", "input_folder": "/Users/jmccarty/Nextcloud/Projects/35_UHI_Trees_Manitoba/01_models/DLA Study Model/svf/sky_view/initial_results", "params_folder": "__params", "simulation_folder": "/Users/jmccarty/Nextcloud/Projects/35_UHI_Trees_Manitoba/01_models/DLA Study Model/svf/sky_view"}) is complete
2026-01-09 14:15:40 INFO: Informed scheduler that task   _SkyViewPostprocess_f01f4ea6Orchestrator___simulation_fol_0cb5f095b7   has status   PENDING
2026-01-09 14:15:40 INFO: Informed scheduler that task   RestructureResults___grids_info_____faae821dad   has status   PENDING
2026-01-09 14:15:40 INFO: Informed scheduler that task   CopyGridInfo___grids_info_____faae821dad   has status   PENDING
2026-01-09 14:15:40 INFO: Informed scheduler that task   PostprocessSkyView___cloudy_sky_____f46e5f3d58   has status   PENDING
2026-01-09 14:15:40 DEBUG: Asking scheduler for work...
2026-01-09 14:15:40 DEBUG: Pending tasks: 6
2026-01-09 14:15:40 DEBUG: Asking scheduler for work...
2026-01-09 14:15:40 DEBUG: Pending tasks: 5
2026-01-09 14:15:40 INFO: [pid 24019] Worker Worker(salt=641078409, workers=7, host=staff-net-hix-0520.intern.ethz.ch, username=jmccarty, pid=23984) running   RestructureResults(_input_params={"grids_info": "/Users/jmccarty/Nextcloud/Projects/35_UHI_Trees_Manitoba/01_models/DLA Study Model/svf/sky_view/resources/grids_info.json", "input_folder": "/Users/jmccarty/Nextcloud/Projects/35_UHI_Trees_Manitoba/01_models/DLA Study Model/svf/sky_view/initial_results", "params_folder": "__params", "simulation_folder": "/Users/jmccarty/Nextcloud/Projects/35_UHI_Trees_Manitoba/01_models/DLA Study Model/svf/sky_view"})
2026-01-09 14:15:40 INFO: RestructureResults: copying input artifact input_folder from /Users/jmccarty/Nextcloud/Projects/35_UHI_Trees_Manitoba/01_models/DLA Study Model/svf/sky_view/initial_results ...
2026-01-09 14:15:40 DEBUG: Asking scheduler for work...
2026-01-09 14:15:40 DEBUG: Done
2026-01-09 14:15:40 DEBUG: There are no more tasks to run at this time
2026-01-09 14:15:40 INFO: RestructureResults: finished copying artifacts...
2026-01-09 14:15:40 DEBUG: RestructureResults___grids_info_____faae821dad is currently run by worker Worker(salt=641078409, workers=7, host=staff-net-hix-0520.intern.ethz.ch, username=jmccarty, pid=23984)
2026-01-09 14:15:40 DEBUG: CopyGridInfo___grids_info_____faae821dad is currently run by worker Worker(salt=641078409, workers=7, host=staff-net-hix-0520.intern.ethz.ch, username=jmccarty, pid=23984)
2026-01-09 14:15:40 INFO: Started running RestructureResults...
2026-01-09 14:15:40 INFO: [pid 24020] Worker Worker(salt=641078409, workers=7, host=staff-net-hix-0520.intern.ethz.ch, username=jmccarty, pid=23984) running   CopyGridInfo(_input_params={"grids_info": "/Users/jmccarty/Nextcloud/Projects/35_UHI_Trees_Manitoba/01_models/DLA Study Model/svf/sky_view/resources/grids_info.json", "input_folder": "/Users/jmccarty/Nextcloud/Projects/35_UHI_Trees_Manitoba/01_models/DLA Study Model/svf/sky_view/initial_results", "params_folder": "__params", "simulation_folder": "/Users/jmccarty/Nextcloud/Projects/35_UHI_Trees_Manitoba/01_models/DLA Study Model/svf/sky_view"})
2026-01-09 14:15:40 INFO: CopyGridInfo: copying input artifact src from /Users/jmccarty/Nextcloud/Projects/35_UHI_Trees_Manitoba/01_models/DLA Study Model/svf/sky_view/resources/grids_info.json ...
2026-01-09 14:15:40 INFO: CopyGridInfo: finished copying artifacts...
2026-01-09 14:15:40 INFO: Started running CopyGridInfo...
2026-01-09 14:15:40 INFO: copying input file...
2026-01-09 14:15:40 INFO: CopyGridInfo: copying output artifact dst to /Users/jmccarty/Nextcloud/Projects/35_UHI_Trees_Manitoba/01_models/DLA Study Model/svf/sky_view/results/sky_view/grids_info.json ...
2026-01-09 14:15:40 INFO: ...finished running CopyGridInfo in 0:00:00
2026-01-09 14:15:40 INFO: [pid 24020] Worker Worker(salt=641078409, workers=7, host=staff-net-hix-0520.intern.ethz.ch, username=jmccarty, pid=23984) done      CopyGridInfo(_input_params={"grids_info": "/Users/jmccarty/Nextcloud/Projects/35_UHI_Trees_Manitoba/01_models/DLA Study Model/svf/sky_view/resources/grids_info.json", "input_folder": "/Users/jmccarty/Nextcloud/Projects/35_UHI_Trees_Manitoba/01_models/DLA Study Model/svf/sky_view/initial_results", "params_folder": "__params", "simulation_folder": "/Users/jmccarty/Nextcloud/Projects/35_UHI_Trees_Manitoba/01_models/DLA Study Model/svf/sky_view"})
2026-01-09 14:15:40 INFO: Informed scheduler that task   CopyGridInfo___grids_info_____faae821dad   has status   DONE
2026-01-09 14:15:40 DEBUG: Asking scheduler for work...
2026-01-09 14:15:40 DEBUG: Done
2026-01-09 14:15:40 DEBUG: There are no more tasks to run at this time
2026-01-09 14:15:40 DEBUG: RestructureResults___grids_info_____faae821dad is currently run by worker Worker(salt=641078409, workers=7, host=staff-net-hix-0520.intern.ethz.ch, username=jmccarty, pid=23984)
2026-01-09 14:15:40 INFO: RestructureResults: copying output artifact output-folder to /Users/jmccarty/Nextcloud/Projects/35_UHI_Trees_Manitoba/01_models/DLA Study Model/svf/sky_view/results/sky_view ...
2026-01-09 14:15:40 INFO: ...finished running RestructureResults in 0:00:00
2026-01-09 14:15:40 INFO: [pid 24019] Worker Worker(salt=641078409, workers=7, host=staff-net-hix-0520.intern.ethz.ch, username=jmccarty, pid=23984) done      RestructureResults(_input_params={"grids_info": "/Users/jmccarty/Nextcloud/Projects/35_UHI_Trees_Manitoba/01_models/DLA Study Model/svf/sky_view/resources/grids_info.json", "input_folder": "/Users/jmccarty/Nextcloud/Projects/35_UHI_Trees_Manitoba/01_models/DLA Study Model/svf/sky_view/initial_results", "params_folder": "__params", "simulation_folder": "/Users/jmccarty/Nextcloud/Projects/35_UHI_Trees_Manitoba/01_models/DLA Study Model/svf/sky_view"})
2026-01-09 14:15:40 INFO: Informed scheduler that task   RestructureResults___grids_info_____faae821dad   has status   DONE
2026-01-09 14:15:40 DEBUG: Asking scheduler for work...
2026-01-09 14:15:40 DEBUG: Pending tasks: 4
2026-01-09 14:15:40 DEBUG: Asking scheduler for work...
2026-01-09 14:15:40 DEBUG: Done
2026-01-09 14:15:40 DEBUG: There are no more tasks to run at this time
2026-01-09 14:15:40 DEBUG: _SkyViewPostprocess_f01f4ea6Orchestrator___simulation_fol_0cb5f095b7 is currently run by worker Worker(salt=641078409, workers=7, host=staff-net-hix-0520.intern.ethz.ch, username=jmccarty, pid=23984)
2026-01-09 14:15:40 INFO: [pid 24025] Worker Worker(salt=641078409, workers=7, host=staff-net-hix-0520.intern.ethz.ch, username=jmccarty, pid=23984) running   _SkyViewPostprocess_f01f4ea6Orchestrator(_input_params={"simulation_folder": "/Users/jmccarty/Nextcloud/Projects/35_UHI_Trees_Manitoba/01_models/DLA Study Model/svf/sky_view", "input_folder": "/Users/jmccarty/Nextcloud/Projects/35_UHI_Trees_Manitoba/01_models/DLA Study Model/svf/sky_view/initial_results", "grids_info": "/Users/jmccarty/Nextcloud/Projects/35_UHI_Trees_Manitoba/01_models/DLA Study Model/svf/sky_view/resources/grids_info.json"})
2026-01-09 14:15:40 INFO: [pid 24025] Worker Worker(salt=641078409, workers=7, host=staff-net-hix-0520.intern.ethz.ch, username=jmccarty, pid=23984) done      _SkyViewPostprocess_f01f4ea6Orchestrator(_input_params={"simulation_folder": "/Users/jmccarty/Nextcloud/Projects/35_UHI_Trees_Manitoba/01_models/DLA Study Model/svf/sky_view", "input_folder": "/Users/jmccarty/Nextcloud/Projects/35_UHI_Trees_Manitoba/01_models/DLA Study Model/svf/sky_view/initial_results", "grids_info": "/Users/jmccarty/Nextcloud/Projects/35_UHI_Trees_Manitoba/01_models/DLA Study Model/svf/sky_view/resources/grids_info.json"})
2026-01-09 14:15:40 INFO: Informed scheduler that task   _SkyViewPostprocess_f01f4ea6Orchestrator___simulation_fol_0cb5f095b7   has status   DONE
2026-01-09 14:15:40 DEBUG: Asking scheduler for work...
2026-01-09 14:15:40 DEBUG: Pending tasks: 3
2026-01-09 14:15:40 DEBUG: Asking scheduler for work...
2026-01-09 14:15:40 DEBUG: Done
2026-01-09 14:15:40 DEBUG: There are no more tasks to run at this time
2026-01-09 14:15:40 DEBUG: PostprocessSkyView___cloudy_sky_____f46e5f3d58 is currently run by worker Worker(salt=641078409, workers=7, host=staff-net-hix-0520.intern.ethz.ch, username=jmccarty, pid=23984)
2026-01-09 14:15:40 INFO: [pid 24026] Worker Worker(salt=641078409, workers=7, host=staff-net-hix-0520.intern.ethz.ch, username=jmccarty, pid=23984) running   PostprocessSkyView(_input_params={"cloudy_sky": "uniform", "cpu_count": 7, "grid_filter": "*", "min_sensor_count": 200, "model": "/Users/jmccarty/Nextcloud/Projects/35_UHI_Trees_Manitoba/01_models/DLA Study Model/svf/sky_view/DLA_Study.hbjson", "params_folder": "__params", "radiance_parameters": "-aa 0.1 -ad 2048 -ar 64", "simulation_folder": "/Users/jmccarty/Nextcloud/Projects/35_UHI_Trees_Manitoba/01_models/DLA Study Model/svf/sky_view"})
2026-01-09 14:15:40 INFO: PostprocessSkyView: copying output artifact results to /Users/jmccarty/Nextcloud/Projects/35_UHI_Trees_Manitoba/01_models/DLA Study Model/svf/sky_view/results ...
2026-01-09 14:15:40 INFO: [pid 24026] Worker Worker(salt=641078409, workers=7, host=staff-net-hix-0520.intern.ethz.ch, username=jmccarty, pid=23984) done      PostprocessSkyView(_input_params={"cloudy_sky": "uniform", "cpu_count": 7, "grid_filter": "*", "min_sensor_count": 200, "model": "/Users/jmccarty/Nextcloud/Projects/35_UHI_Trees_Manitoba/01_models/DLA Study Model/svf/sky_view/DLA_Study.hbjson", "params_folder": "__params", "radiance_parameters": "-aa 0.1 -ad 2048 -ar 64", "simulation_folder": "/Users/jmccarty/Nextcloud/Projects/35_UHI_Trees_Manitoba/01_models/DLA Study Model/svf/sky_view"})
2026-01-09 14:15:40 INFO: Informed scheduler that task   PostprocessSkyView___cloudy_sky_____f46e5f3d58   has status   DONE
2026-01-09 14:15:40 DEBUG: Asking scheduler for work...
2026-01-09 14:15:40 DEBUG: Pending tasks: 2
2026-01-09 14:15:40 DEBUG: Asking scheduler for work...
2026-01-09 14:15:40 DEBUG: Done
2026-01-09 14:15:40 DEBUG: There are no more tasks to run at this time
2026-01-09 14:15:40 DEBUG: _Main_f01f4ea6Orchestrator___cloudy_sky_____41f3a7cdf2 is currently run by worker Worker(salt=641078409, workers=7, host=staff-net-hix-0520.intern.ethz.ch, username=jmccarty, pid=23984)
2026-01-09 14:15:40 INFO: [pid 24027] Worker Worker(salt=641078409, workers=7, host=staff-net-hix-0520.intern.ethz.ch, username=jmccarty, pid=23984) running   _Main_f01f4ea6Orchestrator(_input_params={"cloudy_sky": "uniform", "cpu_count": 7, "grid_filter": "*", "min_sensor_count": 200, "model": "/Users/jmccarty/Nextcloud/Projects/35_UHI_Trees_Manitoba/01_models/DLA Study Model/svf/sky_view/DLA_Study.hbjson", "radiance_parameters": "-aa 0.1 -ad 2048 -ar 64", "simulation_folder": "/Users/jmccarty/Nextcloud/Projects/35_UHI_Trees_Manitoba/01_models/DLA Study Model/svf/sky_view"})
2026-01-09 14:15:40 INFO: [pid 24027] Worker Worker(salt=641078409, workers=7, host=staff-net-hix-0520.intern.ethz.ch, username=jmccarty, pid=23984) done      _Main_f01f4ea6Orchestrator(_input_params={"cloudy_sky": "uniform", "cpu_count": 7, "grid_filter": "*", "min_sensor_count": 200, "model": "/Users/jmccarty/Nextcloud/Projects/35_UHI_Trees_Manitoba/01_models/DLA Study Model/svf/sky_view/DLA_Study.hbjson", "radiance_parameters": "-aa 0.1 -ad 2048 -ar 64", "simulation_folder": "/Users/jmccarty/Nextcloud/Projects/35_UHI_Trees_Manitoba/01_models/DLA Study Model/svf/sky_view"})
2026-01-09 14:15:40 INFO: Informed scheduler that task   _Main_f01f4ea6Orchestrator___cloudy_sky_____41f3a7cdf2   has status   DONE
2026-01-09 14:15:40 DEBUG: Asking scheduler for work...
2026-01-09 14:15:40 DEBUG: Pending tasks: 1
2026-01-09 14:15:40 DEBUG: Asking scheduler for work...
2026-01-09 14:15:40 DEBUG: Done
2026-01-09 14:15:40 DEBUG: There are no more tasks to run at this time
2026-01-09 14:15:40 DEBUG: LetSkyViewFly___cloudy_sky_____41f3a7cdf2 is currently run by worker Worker(salt=641078409, workers=7, host=staff-net-hix-0520.intern.ethz.ch, username=jmccarty, pid=23984)
2026-01-09 14:15:40 INFO: [pid 24028] Worker Worker(salt=641078409, workers=7, host=staff-net-hix-0520.intern.ethz.ch, username=jmccarty, pid=23984) running   LetSkyViewFly(_input_params={"cloudy_sky": "uniform", "cpu_count": 7, "grid_filter": "*", "min_sensor_count": 200, "model": "/Users/jmccarty/Nextcloud/Projects/35_UHI_Trees_Manitoba/01_models/DLA Study Model/svf/sky_view/DLA_Study.hbjson", "radiance_parameters": "-aa 0.1 -ad 2048 -ar 64", "simulation_folder": "/Users/jmccarty/Nextcloud/Projects/35_UHI_Trees_Manitoba/01_models/DLA Study Model/svf/sky_view"})
2026-01-09 14:15:40 INFO: [pid 24028] Worker Worker(salt=641078409, workers=7, host=staff-net-hix-0520.intern.ethz.ch, username=jmccarty, pid=23984) done      LetSkyViewFly(_input_params={"cloudy_sky": "uniform", "cpu_count": 7, "grid_filter": "*", "min_sensor_count": 200, "model": "/Users/jmccarty/Nextcloud/Projects/35_UHI_Trees_Manitoba/01_models/DLA Study Model/svf/sky_view/DLA_Study.hbjson", "radiance_parameters": "-aa 0.1 -ad 2048 -ar 64", "simulation_folder": "/Users/jmccarty/Nextcloud/Projects/35_UHI_Trees_Manitoba/01_models/DLA Study Model/svf/sky_view"})
2026-01-09 14:15:40 INFO: Informed scheduler that task   LetSkyViewFly___cloudy_sky_____41f3a7cdf2   has status   DONE
2026-01-09 14:15:40 DEBUG: Asking scheduler for work...
2026-01-09 14:15:40 DEBUG: Done
2026-01-09 14:15:40 DEBUG: There are no more tasks to run at this time
2026-01-09 14:15:40 INFO: Worker Worker(salt=641078409, workers=7, host=staff-net-hix-0520.intern.ethz.ch, username=jmccarty, pid=23984) was stopped. Shutting down Keep-Alive thread
2026-01-09 14:15:40 INFO: 
===== Luigi Execution Summary =====

Scheduled 14 tasks of which:
* 14 ran successfully:
    - 1 CopyGridInfo(...)
    - 1 CreateOctree(...)
    - 1 CreateRadFolder(...)
    - 1 GenerateSky(...)
    - 1 LetSkyViewFly(...)
    ...

This progress looks :) because there were no failed tasks or missing dependencies

===== Luigi Execution Summary =====

